Arguments: 
  /home/darkenvy/.nvm/versions/node/v8.10.0/bin/node /home/darkenvy/.nvm/versions/node/v8.10.0/bin/yarn add fs-extra

PATH: 
  /home/darkenvy/.nvm/versions/node/v8.10.0/bin:/home/darkenvy/bin:/home/darkenvy/bin:/usr/local/sbin:/usr/local/bin:/usr/sbin:/usr/bin:/sbin:/bin:/usr/games:/usr/local/games:/usr/lib/jvm/jdk1.8.0_211/bin:/usr/lib/jvm/jdk1.8.0_211/jre/bin:/snap/bin

Yarn version: 
  1.5.1

Node version: 
  8.10.0

Platform: 
  linux x64

npm manifest: 
  {
    "name": "minecraft_uuid",
    "version": "1.0.0",
    "main": "index.js",
    "license": "MIT",
    "dependencies": {
      "axios": "^0.20.0",
      "line-by-line": "^0.1.6",
      "lodash": "^4.17.20",
      "path": "^0.12.7"
    }
  }

yarn manifest: 
  No manifest

Lockfile: 
  # THIS IS AN AUTOGENERATED FILE. DO NOT EDIT THIS FILE DIRECTLY.
  # yarn lockfile v1
  
  
  axios@^0.20.0:
    version "0.20.0"
    resolved "https://registry.yarnpkg.com/axios/-/axios-0.20.0.tgz#057ba30f04884694993a8cd07fa394cff11c50bd"
    dependencies:
      follow-redirects "^1.10.0"
  
  follow-redirects@^1.10.0:
    version "1.13.0"
    resolved "https://registry.yarnpkg.com/follow-redirects/-/follow-redirects-1.13.0.tgz#b42e8d93a2a7eea5ed88633676d6597bc8e384db"
  
  inherits@2.0.3:
    version "2.0.3"
    resolved "https://registry.yarnpkg.com/inherits/-/inherits-2.0.3.tgz#633c2c83e3da42a502f52466022480f4208261de"
  
  line-by-line@^0.1.6:
    version "0.1.6"
    resolved "https://registry.yarnpkg.com/line-by-line/-/line-by-line-0.1.6.tgz#6236edd1db2d1695addf11f0268e74a181561c30"
  
  lodash@^4.17.20:
    version "4.17.20"
    resolved "https://registry.yarnpkg.com/lodash/-/lodash-4.17.20.tgz#b44a9b6297bcb698f1c51a3545a2b3b368d59c52"
  
  path@^0.12.7:
    version "0.12.7"
    resolved "https://registry.yarnpkg.com/path/-/path-0.12.7.tgz#d4dc2a506c4ce2197eb481ebfcd5b36c0140b10f"
    dependencies:
      process "^0.11.1"
      util "^0.10.3"
  
  process@^0.11.1:
    version "0.11.10"
    resolved "https://registry.yarnpkg.com/process/-/process-0.11.10.tgz#7332300e840161bda3e69a1d1d91a7d4bc16f182"
  
  util@^0.10.3:
    version "0.10.4"
    resolved "https://registry.yarnpkg.com/util/-/util-0.10.4.tgz#3aa0125bfe668a4672de58857d3ace27ecb76901"
    dependencies:
      inherits "2.0.3"

Trace: 
  Error: Found incompatible module
      at new MessageError (/home/darkenvy/.nvm/versions/node/v8.10.0/lib/node_modules/yarn/lib/cli.js:186:110)
      at checkOne (/home/darkenvy/.nvm/versions/node/v8.10.0/lib/node_modules/yarn/lib/cli.js:62444:11)
      at Object.check (/home/darkenvy/.nvm/versions/node/v8.10.0/lib/node_modules/yarn/lib/cli.js:62463:5)
      at /home/darkenvy/.nvm/versions/node/v8.10.0/lib/node_modules/yarn/lib/cli.js:22803:73
      at Generator.next (<anonymous>)
      at step (/home/darkenvy/.nvm/versions/node/v8.10.0/lib/node_modules/yarn/lib/cli.js:98:30)
      at /home/darkenvy/.nvm/versions/node/v8.10.0/lib/node_modules/yarn/lib/cli.js:109:13
      at <anonymous>
